# IPython log file

%run 1.3.2.py
%run Park_1.3.2.py
run 1.3.2/Park_1.3.2.py
(ad_tip)
(add_tip)
#[Out]# <function add_tip at 0x7f47d0e3d050>
%run 1.3.2/Park_1.3.2.py
%run 1.3.2/Park_1.3.2.py
%run 1.3.2/Park_1.3.2.py
hyp(3,2)
#[Out]# 3.605551275463989
%run 1.3.2/park_1.3.2.py
%run 1.3.2/Park-1.3.2.py
run 1.3.2/Park_1.3.2.py
mean(3.4.5)
mean(2,3,4)
#[Out]# 3
%logstop
# Sat, 08 Dec 2018 05:57:42
%run 1.3.2/Park_1.3.2.py
# Sat, 08 Dec 2018 05:58:41
%run 1.3.2/Park_1.3.2.py
# Sat, 08 Dec 2018 05:58:56
perimeter(3,4)
#[Out]# 14
# Sat, 08 Dec 2018 06:05:50
%run 1.3.2/Park_1.3.2.py
# Sat, 08 Dec 2018 06:20:39
# colclusion question 5 the reason this is the last question is because it is all of the examples from before. It shows how the functions work and how we can use mathematics inn use mathematics in python. The values that we got were the values after the math equations.   
# Sat, 08 Dec 2018 06:20:44
$logstop
# Sat, 08 Dec 2018 06:20:48
$stoplog
# Sat, 08 Dec 2018 06:20:51
%logstop
