# IPython log file

3' in [1,2,3]
# Wed, 12 Dec 2018 21:39:31
cd 1.3.3
# Wed, 12 Dec 2018 21:39:37
%run Park_1.3.3.py
# Wed, 12 Dec 2018 21:39:48
secret = ['red','red','yellow','yellow','black']
# Wed, 12 Dec 2018 21:39:55
hint('red', secret)
# Wed, 12 Dec 2018 21:40:02
hint('green', secret)
# Wed, 12 Dec 2018 21:41:47
%run Park_1.3.3.py
# Wed, 12 Dec 2018 21:43:05
%run Park_1.3.3.py
# Wed, 12 Dec 2018 21:43:30
coollist(connor, coolpeople)
# Wed, 12 Dec 2018 21:43:55
%run Park_1.3.3.py
# Wed, 12 Dec 2018 21:44:07
coollist(connor, coolpeople)
# Wed, 12 Dec 2018 21:45:00
%run Park_1.3.3.py
# Wed, 12 Dec 2018 21:45:08
coollist(connor, coolpeople)
# Wed, 12 Dec 2018 21:45:31
hint('green', secret)
# Wed, 12 Dec 2018 21:45:49
coollist('Connor', coolpeople)
# Wed, 12 Dec 2018 21:46:02
coolpeople = ['Connor','not ryan','not sragvi','stan lee']
# Wed, 12 Dec 2018 21:46:05
coollist('Connor', coolpeople)
# Wed, 12 Dec 2018 21:46:14
coollist('Connor', coolpeople)
# Wed, 12 Dec 2018 21:46:30
coollist('not ryan', coolpeople)
# Wed, 12 Dec 2018 21:46:50
coollist('not sragvi', coolpeople)
# Wed, 12 Dec 2018 21:47:29
%run Park_1.3.3.py
# Wed, 12 Dec 2018 21:47:47
age_limit_output(10)
# Wed, 12 Dec 2018 21:47:51
age_limit_output(16)
# Wed, 12 Dec 2018 21:47:56
report_grade(79)
# Wed, 12 Dec 2018 21:48:01
report_grade(85)
# Wed, 12 Dec 2018 21:48:06
print(letter_in_word('t', 'secret hangman phrase'))
# Wed, 12 Dec 2018 21:48:11
secret = ['red','red','yellow','yellow','black']
# Wed, 12 Dec 2018 21:48:19
hint('red', secret)
# Wed, 12 Dec 2018 21:48:24
hint('green', secret)
# Wed, 12 Dec 2018 21:48:29
#1.3.3 Function Test
# Wed, 12 Dec 2018 21:48:29
age_limit_output(10)
# Wed, 12 Dec 2018 21:48:29
age_limit_output(16)
# Wed, 12 Dec 2018 21:48:29
report_grade(79)
# Wed, 12 Dec 2018 21:48:29
report_grade(85)
# Wed, 12 Dec 2018 21:48:29
print(letter_in_word('t', 'secret hangman phrase'))
# Wed, 12 Dec 2018 21:48:29
secret = ['red','red','yellow','yellow','black']
# Wed, 12 Dec 2018 21:48:29
hint('red', secret)
# Wed, 12 Dec 2018 21:48:32
hint('green', secret)
# Wed, 12 Dec 2018 21:48:35
%logstop
