# IPython log file

pwd
#[Out]# u'/home/ubuntu/workspace'
cd 1.3.3
pwd
#[Out]# u'/home/ubuntu/workspace/1.3.3'
%logstart -ort 1.3.3/logs/Park_1.3.3.2.log
# Tue, 11 Dec 2018 21:08:29
%run Park_1.3.3.py
# Tue, 11 Dec 2018 21:08:34
report_grade(45)
# Tue, 11 Dec 2018 21:10:46
%run Park_1.3.3.py
# Tue, 11 Dec 2018 21:10:48
report_grade(45)
# Tue, 11 Dec 2018 21:10:55
report_grade(95)
# Tue, 11 Dec 2018 21:12:52
't' in 'string' # includes lowercase t character
#[Out]# True
# Tue, 11 Dec 2018 21:13:26
'T" in 'sTring'
# Tue, 11 Dec 2018 21:13:45
'T' in 'string' # case matters
#[Out]# False
# Tue, 11 Dec 2018 21:13:53
'T' in 'sTring' # case matters
#[Out]# True
# Tue, 11 Dec 2018 21:16:33
%run Park_1.3.3.py
# Tue, 11 Dec 2018 21:16:42
letter=AEI
# Tue, 11 Dec 2018 21:16:47
letter=A
# Tue, 11 Dec 2018 21:16:56
letter(A)
# Tue, 11 Dec 2018 21:21:04
%run Park_1.3.3.py
# Tue, 11 Dec 2018 21:21:13
letter_in_word(o)
# Tue, 11 Dec 2018 21:22:12
%run Park_1.3.3.py
# Tue, 11 Dec 2018 21:22:36
letter_in_word('t', 'connoriscoolt')
# Tue, 11 Dec 2018 21:22:52
letter_in_word('t', 'secret hangman phrase')
# Tue, 11 Dec 2018 21:23:33
%run Park_1.3.3.py~
# Tue, 11 Dec 2018 21:23:37
%run Park_1.3.3.py
# Tue, 11 Dec 2018 21:23:52
letter_in_word('t', 'secret hangman phrase')
#[Out]# False
# Tue, 11 Dec 2018 21:24:19
%run Park_1.3.3.py
# Tue, 11 Dec 2018 21:24:20
letter_in_word('t', 'secret hangman phrase')
#[Out]# False
# Tue, 11 Dec 2018 21:24:35
%run Park_1.3.3.py
# Tue, 11 Dec 2018 21:24:37
letter_in_word('t', 'secret hangman phrase')
#[Out]# False
# Tue, 11 Dec 2018 21:25:24
%run Park_1.3.3.py
# Tue, 11 Dec 2018 21:25:26
letter_in_word('t', 'secret hangman phrase')
#[Out]# True
# Tue, 11 Dec 2018 21:29:28
%run Park_1.3.3.py
# Tue, 11 Dec 2018 21:29:38
secret = ['red','red','yellow','yellow','black']
# Tue, 11 Dec 2018 21:29:44
hint('red', secret)
# Tue, 11 Dec 2018 21:30:40
%run Park_1.3.3.py
# Tue, 11 Dec 2018 21:30:42
secret = ['red','red','yellow','yellow','black']
# Tue, 11 Dec 2018 21:30:47
hint('red', secret)
# Tue, 11 Dec 2018 21:31:35
%run Park_1.3.3.py
# Tue, 11 Dec 2018 21:31:38
secret = ['red','red','yellow','yellow','black']
# Tue, 11 Dec 2018 21:31:40
hint('red', secret)
# Tue, 11 Dec 2018 21:31:58
%run Park_1.3.3.py
# Tue, 11 Dec 2018 21:32:01
secret = ['red','red','yellow','yellow','black']
# Tue, 11 Dec 2018 21:32:02
hint('red', secret)
# Tue, 11 Dec 2018 21:32:21
%run Park_1.3.3.py
# Tue, 11 Dec 2018 21:32:23
secret = ['red','red','yellow','yellow','black']
# Tue, 11 Dec 2018 21:32:26
hint('red', secret)
# Tue, 11 Dec 2018 21:32:51
%run Park_1.3.3.py
# Tue, 11 Dec 2018 21:32:52
hint('red', secret)
# Tue, 11 Dec 2018 21:33:01
hint('ryaniscool', secret)
# Tue, 11 Dec 2018 21:33:21
%run Park_1.3.3.py
# Tue, 11 Dec 2018 21:34:46
Scrugsinator=mean
# Tue, 11 Dec 2018 21:35:02
Scrugsinator= 'mean'
# Tue, 11 Dec 2018 21:35:06
Scrugsinator
#[Out]# 'mean'
# Wed, 12 Dec 2018 21:37:49
exit
